You are modeling the Togiak stock of herring

Togiak.dat has been read correctly!
Togiak.ctl has been read correctly!
Togiak.ctl has been read correctly!
Togiak_graphics.ctl has been read correctly!

Initial statistics: 12 variables; iteration 0; function evaluation 0; phase 1
Function value  1.8694779e+001; maximum gradient component mag -9.7319e+000
Var   Value    Gradient   |Var   Value    Gradient   |Var   Value    Gradient
  1  0.00000  2.5198e-001 |  2  0.00000  1.1741e-001 |  3  0.00000  3.3111e-001
  4  0.00000  6.4905e-001 |  5  0.00000  8.1607e-001 |  6  0.00000  8.5115e-001
  7  0.00000  8.7117e-001 |  8  0.00000  8.3489e-001 |  9  0.07088 -6.5433e-001
 10  0.07088 -9.7319e+000 | 11  0.07088  1.8602e+000 | 12  0.07088  9.9711e-001

Intermediate statistics: 12 variables; iteration 10; function evaluation 16; phase 1
Function value  1.2456779e+001; maximum gradient component mag -1.7151e+000
Var   Value    Gradient   |Var   Value    Gradient   |Var   Value    Gradient
  1 -0.64913  2.0678e-001 |  2 -0.51983 -3.5529e-001 |  3 -0.62151 -1.8976e-001
  4 -1.23362 -2.6166e-001 |  5 -1.11846 -1.2670e-001 |  6 -1.24806 -7.3801e-001
  7 -1.02399 -2.3856e-002 |  8 -1.19009 -3.7900e-001 |  9  0.22459  5.3707e-001
 10  0.68170 -2.3586e-001 | 11  0.02404 -1.7151e+000 | 12  0.07210  9.7080e-001
12 variables; iteration 20; function evaluation 26; phase 1
Function value  1.2164109e+001; maximum gradient component mag -8.9030e-002
Var   Value    Gradient   |Var   Value    Gradient   |Var   Value    Gradient
  1 -0.74224  2.9217e-002 |  2 -0.48342  6.8323e-002 |  3 -0.62209  6.3797e-003
  4 -1.16252  1.6556e-002 |  5 -1.02635 -2.3965e-003 |  6 -1.03314 -6.0932e-004
  7 -1.02766 -6.5377e-003 |  8 -1.01275 -1.6011e-003 |  9  0.17832 -1.5393e-002
 10  0.81368 -8.9030e-002 | 11  0.13918 -2.8680e-002 | 12  0.00316 -6.5215e-002
12 variables; iteration 30; function evaluation 36; phase 1
Function value  1.2155808e+001; maximum gradient component mag -1.0069e-003
Var   Value    Gradient   |Var   Value    Gradient   |Var   Value    Gradient
  1 -0.76275  3.1982e-004 |  2 -0.49198  6.0729e-004 |  3 -0.62394 -4.8646e-004
  4 -1.16711 -1.0069e-003 |  5 -1.01315  4.5306e-004 |  6 -0.96146 -5.1075e-004
  7 -0.99406  5.5607e-004 |  8 -1.00107 -3.1957e-005 |  9  0.17725 -4.9156e-004
 10  1.00114  2.3669e-004 | 11  0.14171 -7.8567e-004 | 12  0.00775 -7.2759e-004
12 variables; iteration 40; function evaluation 46; phase 1
Function value  1.2155804e+001; maximum gradient component mag  6.1056e-004
Var   Value    Gradient   |Var   Value    Gradient   |Var   Value    Gradient
  1 -0.76317  1.7534e-005 |  2 -0.49212 -9.6343e-005 |  3 -0.62396  1.1033e-004
  4 -1.16689 -4.5130e-004 |  5 -1.01870  2.0345e-004 |  6 -0.96006  1.1583e-004
  7 -0.99870  1.2258e-004 |  8 -0.99621  1.3743e-004 |  9  0.17729 -2.9795e-004
 10  1.00066 -8.7104e-005 | 11  0.14178  6.1056e-004 | 12  0.00784  5.3917e-004

 - final statistics:
12 variables; iteration 48; function evaluation 55
Function value  1.2156e+001; maximum gradient component mag -5.4652e-005
Exit code = 1;  converg criter  1.0000e-004
Var   Value    Gradient   |Var   Value    Gradient   |Var   Value    Gradient
  1 -0.76320 -4.3439e-007 |  2 -0.49210  1.0132e-005 |  3 -0.62397 -4.3728e-006
  4 -1.16678  3.2966e-005 |  5 -1.02120 -4.8660e-006 |  6 -0.96043  1.2633e-005
  7 -1.00006  1.0220e-005 |  8 -0.99996 -1.9259e-005 |  9  0.17732  2.1033e-005
 10  1.00075 -7.9869e-006 | 11  0.14174 -5.4652e-005 | 12  0.00780 -4.6651e-005


*******************************************
--Start time: Wed Oct 17 16:08:38 2018

--Finish time: Wed Oct 17 16:08:39 2018

--Runtime: 0 hours, 0 minutes, 1 seconds

--Objective function value: 12.1558


--Maximum gradient component: 5.46517e-005

*******************************************

O frabjous day!
The sheep frolic!

        ...moo...
            | 
            | 
            | 
             _.%%%%%%%%%%%%%             
            //-_%%%%%%%%%%%%%            
           (_ %\%%%%%%%%%%%%%%~             
               %%%%%%%%%%%%%%             
                 %%%%%*%%%%              
            ,,,,,,||,,,,||,,,,,         


Initial statistics: 17 variables; iteration 0; function evaluation 0; phase 2
Function value  1.2155804e+001; maximum gradient component mag  3.8297e+001
Var   Value    Gradient   |Var   Value    Gradient   |Var   Value    Gradient
  1 -0.76320 -4.3439e-007 |  2 -0.49210  1.0132e-005 |  3 -0.62397 -4.3728e-006
  4 -0.83322 -3.2966e-005 |  5 -0.97880  4.8660e-006 |  6 -0.96043  1.2633e-005
  7 -0.99994 -1.0220e-005 |  8 -0.99996 -1.9259e-005 |  9  0.17732  2.1033e-005
 10  0.99925  7.9869e-006 | 11 -0.34814  8.7320e-001 | 12 -0.37840 -3.5232e-001
 13  0.14174 -5.4652e-005 | 14  0.00780 -4.6651e-005 | 15 -0.40967  1.8929e-001
 16 -0.40967 -6.7151e-001 | 17  0.28197  3.8297e+001 |

Intermediate statistics: 17 variables; iteration 10; function evaluation 17; phase 2
Function value  5.2230123e+000; maximum gradient component mag -6.9422e-001
Var   Value    Gradient   |Var   Value    Gradient   |Var   Value    Gradient
  1 -0.67648  8.8201e-002 |  2 -0.48157 -5.5236e-002 |  3 -0.61138  3.2008e-001
  4 -0.81076  3.8600e-001 |  5 -0.98348  2.1560e-002 |  6 -0.98064  2.0963e-002
  7 -0.99994  7.0327e-005 |  8 -0.99994  6.8195e-005 |  9  0.18806 -6.9422e-001
 10  0.99807  1.4109e-003 | 11 -0.45040 -5.2680e-001 | 12 -0.57954  6.2340e-001
 13  0.34313 -1.6145e-001 | 14  0.21215 -1.7374e-001 | 15 -0.43304 -2.1741e-001
 16 -0.34667  4.4780e-003 | 17 -0.08693 -6.3898e-001 |
17 variables; iteration 20; function evaluation 39; phase 2
Function value  5.1862961e+000; maximum gradient component mag -7.7025e-001
Var   Value    Gradient   |Var   Value    Gradient   |Var   Value    Gradient
  1 -0.72031 -1.3955e-002 |  2 -0.49448 -5.5599e-002 |  3 -0.64407  4.4117e-002
  4 -0.85816  1.7133e-002 |  5 -1.00382 -3.4672e-003 |  6 -1.00959 -6.3979e-003
  7 -1.00016 -1.6858e-004 |  8 -1.00054 -5.1526e-004 |  9  0.21990  8.4863e-002
 10  0.81288 -8.5019e-003 | 11 -0.43903  1.8388e-001 | 12 -0.58272 -7.7025e-001
 13  0.35138  5.2281e-002 | 14  0.23538  2.8771e-002 | 15 -0.42623  2.0915e-001
 16 -0.36507 -5.3631e-002 | 17 -0.08573  2.7442e-001 |
17 variables; iteration 30; function evaluation 50; phase 2
Function value  5.1228433e+000; maximum gradient component mag  1.8994e-001
Var   Value    Gradient   |Var   Value    Gradient   |Var   Value    Gradient
  1 -0.71680 -1.1471e-002 |  2 -0.48614  6.0652e-003 |  3 -0.64504  1.6208e-002
  4 -0.85988  6.3511e-003 |  5 -1.00172 -1.6059e-003 |  6 -1.00333 -2.2282e-003
  7 -0.99989  1.1734e-004 |  8 -1.00023 -2.1751e-004 |  9  0.22361  2.1641e-002
 10  0.36175  1.8994e-001 | 11 -0.44754  3.3105e-002 | 12 -0.43221  1.7246e-001
 13  0.35244  8.0348e-003 | 14  0.23538 -2.0222e-002 | 15 -0.42456  1.7442e-001
 16 -0.36026 -2.3897e-002 | 17 -0.09672 -1.7378e-001 |

 - final statistics:
17 variables; iteration 37; function evaluation 57
Function value  5.1215e+000; maximum gradient component mag -5.0691e-005
Exit code = 1;  converg criter  1.0000e-004
Var   Value    Gradient   |Var   Value    Gradient   |Var   Value    Gradient
  1 -0.70977 -1.0753e-005 |  2 -0.48591  5.7217e-006 |  3 -0.64539 -1.8427e-005
  4 -0.86079 -3.5213e-006 |  5 -0.99996  1.2586e-005 |  6 -1.00004  2.0793e-006
  7 -1.00003  5.3927e-006 |  8 -1.00003 -2.8080e-006 |  9  0.22398 -2.4653e-005
 10  0.34487  3.0818e-006 | 11 -0.44902 -1.4381e-005 | 12 -0.42355  5.8835e-006
 13  0.35813 -3.0584e-005 | 14  0.23597  7.1194e-006 | 15 -0.42892 -5.0691e-005
 16 -0.35977 -7.4063e-006 | 17 -0.09685 -1.3951e-005 |


*******************************************
--Start time: Wed Oct 17 16:08:38 2018

--Finish time: Wed Oct 17 16:08:41 2018

--Runtime: 0 hours, 0 minutes, 3 seconds

--Objective function value: 5.1215


--Maximum gradient component: 5.06913e-005

*******************************************

O frabjous day!
The sheep frolic!

        ...moo...
            | 
            | 
            | 
             _.%%%%%%%%%%%%%             
            //-_%%%%%%%%%%%%%            
           (_ %\%%%%%%%%%%%%%%~             
               %%%%%%%%%%%%%%             
                 %%%%%*%%%%              
            ,,,,,,||,,,,||,,,,,         


Initial statistics: 56 variables; iteration 0; function evaluation 0; phase 3
Function value  5.1215031e+000; maximum gradient component mag -1.6404e+000
Var   Value    Gradient   |Var   Value    Gradient   |Var   Value    Gradient
  1  0.00000  1.1157e+000 |  2  0.00000 -1.6404e+000 |  3  0.00000 -1.0999e+000
  4  0.00000 -3.7414e-002 |  5  0.00000  3.8461e-001 |  6  0.00000 -2.1831e-002
  7  0.00000  3.9361e-001 |  8  0.00000 -1.3758e-002 |  9  0.00000  6.6769e-002
 10  0.00000  5.0284e-001 | 11  0.00000  4.3983e-001 | 12  0.00000 -6.5609e-001
 13  0.00000 -3.1098e-001 | 14  0.00000  2.0746e-001 | 15  0.00000  9.6249e-002
 16  0.00000  9.2618e-002 | 17  0.00000  1.1759e-001 | 18  0.00000 -1.7157e-001
 19  0.00000  2.9177e-001 | 20  0.00000  3.4126e-001 | 21  0.00000 -2.4812e-001
 22  0.00000 -6.7022e-001 | 23  0.00000  1.2105e-001 | 24  0.00000  5.3611e-001
 25  0.00000  5.0980e-001 | 26  0.00000  1.9799e-001 | 27  0.00000  2.0344e-001
 28  0.00000  1.7168e-001 | 29  0.00000  7.1258e-003 | 30  0.00000 -4.2463e-001
 31  0.00000 -1.4658e-001 | 32  0.00000 -4.5839e-002 | 33  0.00000  1.2122e-001
 34  0.00000  3.5935e-002 | 35  0.00000  4.3397e-002 | 36  0.00000  4.8632e-002
 37  0.00000  2.5828e-002 | 38  0.00000  8.6071e-004 | 39 -0.70977 -1.0753e-005
 40 -0.48591  5.7217e-006 | 41 -0.64539 -1.8427e-005 | 42 -0.86079 -3.5213e-006
 43 -0.99996  1.2586e-005 | 44 -0.99996 -2.0793e-006 | 45 -0.99997 -5.3927e-006
 46 -0.99997  2.8080e-006 | 47  0.22398 -2.4653e-005 | 48  0.34487  3.0818e-006
 49 -0.44902 -1.4381e-005 | 50 -0.42355  5.8835e-006 | 51  0.35813 -3.0584e-005
 52  0.23597  7.1194e-006 | 53 -0.42892 -5.0691e-005 | 54 -0.35977 -7.4063e-006
 55 -0.09685 -1.3951e-005 | 56 -0.57929  4.1827e-001 |

Intermediate statistics: 56 variables; iteration 10; function evaluation 13; phase 3
Function value  1.6548447e+000; maximum gradient component mag -1.5748e+000
Var   Value    Gradient   |Var   Value    Gradient   |Var   Value    Gradient
  1 -0.81833 -1.1083e-001 |  2  0.87107 -9.3108e-002 |  3  0.82062 -6.8734e-002
  4  0.00794 -1.7937e-002 |  5 -0.46992 -4.3285e-002 |  6 -0.16118  1.2122e-001
  7 -0.63290 -3.7687e-002 |  8 -0.28135  5.4144e-002 |  9 -0.34671 -5.6677e-002
 10 -0.72497 -1.0792e-001 | 11 -0.62898 -1.3599e-001 | 12  0.58673  8.9131e-002
 13  0.26348  4.3452e-002 | 14 -0.32069 -7.8943e-002 | 15 -0.21980  3.0259e-003
 16 -0.23567  1.3894e-002 | 17 -0.27749  2.9130e-002 | 18  0.06167  1.1068e-001
 19 -0.50648  1.9664e-002 | 20 -0.55051 -1.0983e-002 | 21  0.16563  6.8274e-002
 22  0.55474  1.6663e-001 | 23 -0.28483 -1.8181e-001 | 24 -0.74605 -1.9126e-001
 25 -0.74210 -1.9774e-001 | 26 -0.43748 -1.4919e-001 | 27 -0.42161 -8.8501e-002
 28 -0.36770 -1.9153e-003 | 29 -0.11002  5.4949e-002 | 30  0.39739  1.2178e-001
 31  0.08723  7.4006e-002 | 32 -0.00807  6.0527e-002 | 33 -0.21220  5.7825e-002
 34 -0.08709  4.1722e-002 | 35 -0.10456  6.1952e-002 | 36 -0.11314  5.9433e-002
 37 -0.05832  2.6046e-002 | 38 -0.00347  6.2713e-005 | 39 -0.94983 -3.6279e-002
 40 -0.51068  8.2534e-001 | 41 -0.73598 -9.3838e-001 | 42 -1.14248 -2.0678e-001
 43 -1.00007  4.6235e-005 | 44 -1.00012  1.0737e-004 | 45 -0.99995 -4.3710e-005
 46 -0.99995 -6.3603e-005 | 47  0.17596  4.1691e-001 | 48  0.28446  3.7319e-001
 49 -0.41471  5.3581e-001 | 50 -0.41411  2.3299e-001 | 51  0.33323  2.2126e-001
 52  0.16725  5.1422e-001 | 53 -0.42844 -5.3438e-002 | 54 -0.29808  4.3455e-001
 55 -0.03407 -1.5748e+000 | 56 -1.09374 -1.7557e-001 |
56 variables; iteration 20; function evaluation 26; phase 3
Function value  8.1441254e-001; maximum gradient component mag  4.3040e-001
Var   Value    Gradient   |Var   Value    Gradient   |Var   Value    Gradient
  1 -0.71177 -7.5938e-003 |  2  1.32282 -1.8250e-002 |  3  1.44231 -4.7447e-002
  4 -0.19267 -1.9804e-002 |  5 -0.58861 -6.1757e-003 |  6 -0.37073 -4.7196e-003
  7 -0.72706  4.9412e-003 |  8 -0.48200 -3.1276e-003 |  9 -0.53889  1.1161e-002
 10 -0.83968 -1.1354e-002 | 11 -0.74346 -2.1877e-002 | 12 -0.18885 -2.8192e-002
 13 -0.31685  4.7565e-002 | 14 -0.57107  7.8769e-004 | 15 -0.55244 -4.2321e-003
 16 -0.55354 -3.3592e-002 | 17 -0.61150 -5.3165e-002 | 18 -0.46361 -1.4450e-002
 19 -0.74596  1.0342e-002 | 20 -0.75060 -6.0078e-003 | 21 -0.40097  6.7328e-002
 22 -0.29119 -1.3513e-001 | 23 -0.56580 -1.0852e-001 | 24 -0.73427  4.0114e-003
 25 -0.73024  2.5473e-002 | 26 -0.61536 -9.6378e-002 | 27 -0.58802  1.1043e-001
 28 -0.59006  4.4533e-002 | 29 -0.46153  7.9820e-003 | 30 -0.27286  1.1484e-002
 31 -0.39141 -1.6339e-002 | 32 -0.44021 -8.0339e-003 | 33 -0.57557 -1.8292e-002
 34 -0.50736 -7.9605e-003 | 35 -0.57965 -6.2015e-003 | 36 -0.65873  8.2054e-003
 37 -0.55282  5.2237e-002 | 38 -0.13620  4.7156e-002 | 39 -0.85666 -4.0743e-003
 40 -0.58407  9.0460e-002 | 41 -0.68812  3.7024e-002 | 42 -0.97321 -1.2783e-001
 43 -1.00447  3.9448e-003 | 44 -1.00999  1.0555e-002 | 45 -0.99579 -3.7615e-003
 46 -0.99127 -9.4115e-003 | 47  0.16359 -8.1398e-002 | 48  0.14679  4.3040e-001
 49 -0.50759 -1.4985e-001 | 50 -0.35689  3.1350e-001 | 51  0.13166 -9.8051e-002
 52  0.09077 -1.6438e-001 | 53 -0.39361 -3.1048e-001 | 54 -0.31345 -1.0005e-001
 55  0.16018  5.1741e-002 | 56 -0.79936  5.7477e-002 |
56 variables; iteration 30; function evaluation 37; phase 3
Function value  7.4526104e-001; maximum gradient component mag  4.4074e-002
Var   Value    Gradient   |Var   Value    Gradient   |Var   Value    Gradient
  1 -0.73328 -1.0721e-002 |  2  1.44234 -3.0570e-002 |  3  1.57025 -9.8806e-003
  4 -0.21118 -1.8607e-003 |  5 -0.59750 -2.0066e-003 |  6 -0.39386 -1.3177e-002
  7 -0.74156 -2.4986e-003 |  8 -0.49957 -1.4459e-002 |  9 -0.55450 -2.6870e-003
 10 -0.83521 -5.7405e-003 | 11 -0.72805  5.8743e-003 | 12 -0.19295 -1.3456e-003
 13 -0.33592  4.3978e-003 | 14 -0.57745  1.0507e-002 | 15 -0.56175 -7.0947e-003
 16 -0.55509 -4.4728e-003 | 17 -0.60735 -2.2112e-003 | 18 -0.47194 -8.6056e-003
 19 -0.76058  5.8892e-004 | 20 -0.75293  6.7161e-003 | 21 -0.40890  1.5821e-002
 22 -0.27951 -1.2578e-002 | 23 -0.55287  2.6993e-003 | 24 -0.74354 -4.4269e-003
 25 -0.74508 -6.7722e-003 | 26 -0.60669  7.1457e-003 | 27 -0.61329 -1.3900e-002
 28 -0.60998 -2.8129e-003 | 29 -0.47840 -1.0260e-002 | 30 -0.29840 -1.7668e-002
 31 -0.40558  1.6755e-002 | 32 -0.46259 -9.2419e-003 | 33 -0.58877  3.1731e-003
 34 -0.55115  8.6785e-003 | 35 -0.62971 -7.1898e-004 | 36 -0.72211 -3.8321e-003
 37 -0.84518 -5.9687e-003 | 38 -0.58227  4.3734e-003 | 39 -0.90835 -1.0412e-002
 40 -0.60845  3.5646e-002 | 41 -0.70653  5.3139e-003 | 42 -0.87695 -1.6070e-003
 43 -0.99767  2.1419e-004 | 44 -0.99992 -2.0666e-005 | 45 -1.00158 -7.9784e-005
 46 -0.99298 -9.9913e-004 | 47  0.13227  1.4721e-002 | 48  0.12785  2.6561e-002
 49 -0.47589  4.4074e-002 | 50 -0.39490  2.1843e-002 | 51  0.11816 -9.0175e-003
 52  0.09025 -1.0852e-002 | 53 -0.36593  2.6689e-002 | 54 -0.32229 -3.5232e-003
 55  0.15692 -1.0695e-002 | 56 -0.99303  1.9684e-004 |
56 variables; iteration 40; function evaluation 48; phase 3
Function value  7.3584537e-001; maximum gradient component mag  6.4109e-002
Var   Value    Gradient   |Var   Value    Gradient   |Var   Value    Gradient
  1 -0.75851 -2.7948e-003 |  2  1.77038 -1.2769e-002 |  3  1.84733 -1.0837e-003
  4 -0.32337 -2.0316e-003 |  5 -0.64963  1.4732e-003 |  6 -0.45727  1.8617e-002
  7 -0.76833  7.6848e-004 |  8 -0.54368 -9.6272e-003 |  9 -0.58943 -1.7589e-004
 10 -0.84002 -1.5359e-004 | 11 -0.75630 -2.3254e-003 | 12 -0.26531  1.6201e-002
 13 -0.39791 -1.9227e-002 | 14 -0.61769 -6.2771e-003 | 15 -0.60008 -1.5034e-002
 16 -0.58923 -4.0837e-003 | 17 -0.63627  6.1463e-003 | 18 -0.50899  9.8782e-003
 19 -0.78289 -9.5956e-004 | 20 -0.78036  1.8172e-004 | 21 -0.46378 -1.8120e-002
 22 -0.34141 -1.3624e-002 | 23 -0.59154 -1.0291e-002 | 24 -0.76479 -7.8881e-004
 25 -0.75968  1.9392e-002 | 26 -0.63580  3.4922e-003 | 27 -0.63814  1.4779e-002
 28 -0.64117 -1.2152e-002 | 29 -0.51667 -9.3325e-003 | 30 -0.34800  6.2602e-003
 31 -0.45112 -3.5958e-003 | 32 -0.49676  1.2088e-002 | 33 -0.62029 -1.2772e-002
 34 -0.58050 -1.0292e-002 | 35 -0.64764  3.0723e-003 | 36 -0.73449 -2.3057e-003
 37 -0.76846  7.8468e-003 | 38 -0.73616 -1.0409e-002 | 39 -0.89413  8.7886e-004
 40 -0.63673  8.0138e-003 | 41 -0.72269 -2.3122e-002 | 42 -0.88307 -7.1326e-003
 43 -1.00406 -8.8711e-004 | 44 -0.98969  2.4371e-004 | 45 -0.99790  3.3541e-004
 46 -0.98855 -2.5644e-004 | 47  0.08865  3.1995e-002 | 48  0.10269  6.0959e-002
 49 -0.48123  3.9412e-002 | 50 -0.38085  6.4109e-002 | 51  0.10838  6.7981e-003
 52  0.07419  9.5090e-003 | 53 -0.37545 -3.8649e-002 | 54 -0.31396  1.4817e-002
 55  0.19714  3.0994e-002 | 56 -0.98098  1.3015e-003 |
56 variables; iteration 50; function evaluation 58; phase 3
Function value  7.3381749e-001; maximum gradient component mag -1.3577e-002
Var   Value    Gradient   |Var   Value    Gradient   |Var   Value    Gradient
  1 -0.76326 -4.1696e-004 |  2  1.81897  1.6200e-003 |  3  1.89010 -8.1504e-004
  4 -0.34306  1.7213e-003 |  5 -0.65971  6.2512e-004 |  6 -0.47576  7.8842e-004
  7 -0.77419  5.5821e-004 |  8 -0.55153  1.1967e-003 |  9 -0.59724  3.0904e-003
 10 -0.84298  2.1105e-004 | 11 -0.76003  6.5760e-004 | 12 -0.28077  1.3421e-003
 13 -0.40661  2.3759e-003 | 14 -0.62324  2.7177e-003 | 15 -0.60404  3.0646e-003
 16 -0.59686 -5.5574e-003 | 17 -0.64386  2.3631e-003 | 18 -0.51881  6.9413e-004
 19 -0.78731  6.9640e-004 | 20 -0.78544  6.6293e-004 | 21 -0.47166 -3.3901e-003
 22 -0.35207 -2.9904e-003 | 23 -0.59696 -6.0994e-004 | 24 -0.76916 -1.5344e-003
 25 -0.76840 -4.4199e-004 | 26 -0.64219 -4.9290e-003 | 27 -0.64601 -3.5450e-003
 28 -0.64557 -3.5690e-003 | 29 -0.52313  5.2965e-004 | 30 -0.35922 -8.1217e-004
 31 -0.45963 -2.7784e-003 | 32 -0.50634  1.0375e-005 | 33 -0.62338 -5.9207e-004
 34 -0.58300  3.5397e-005 | 35 -0.65197  2.1950e-004 | 36 -0.73599 -2.0740e-004
 37 -0.81011 -8.0841e-004 | 38 -0.63182 -7.3564e-004 | 39 -0.89751  3.8092e-004
 40 -0.64306 -9.8806e-004 | 41 -0.72476  4.2722e-003 | 42 -0.88304  1.4152e-003
 43 -0.99994 -2.9635e-006 | 44 -0.99410  1.1512e-004 | 45 -0.99938  1.1684e-004
 46 -0.98838  1.3708e-004 | 47  0.07852 -4.7512e-003 | 48  0.09840  1.2702e-002
 49 -0.48727 -6.6066e-003 | 50 -0.38854  1.3016e-002 | 51  0.10189 -6.1625e-004
 52  0.07132 -1.9644e-004 | 53 -0.37131 -5.8634e-003 | 54 -0.31364  1.3423e-003
 55  0.20540 -1.3577e-002 | 56 -0.98710  2.6804e-004 |
56 variables; iteration 60; function evaluation 70; phase 3
Function value  7.3377766e-001; maximum gradient component mag -4.0085e-004
Var   Value    Gradient   |Var   Value    Gradient   |Var   Value    Gradient
  1 -0.76324 -7.1003e-006 |  2  1.82313  3.2829e-005 |  3  1.89437 -1.0487e-005
  4 -0.34554 -8.3567e-005 |  5 -0.66097  1.8329e-005 |  6 -0.47741 -1.0403e-004
  7 -0.77491  3.5220e-005 |  8 -0.55279  1.1807e-004 |  9 -0.59874  1.1784e-004
 10 -0.84311  2.5907e-005 | 11 -0.76058  6.5899e-005 | 12 -0.28245  1.3913e-005
 13 -0.40826  1.4388e-006 | 14 -0.62478 -6.7441e-005 | 15 -0.60552 -1.9545e-005
 16 -0.59682  2.7435e-005 | 17 -0.64508  3.6157e-005 | 18 -0.52003 -4.7114e-005
 19 -0.78817 -1.4878e-005 | 20 -0.78641  2.8732e-005 | 21 -0.47254  2.9716e-005
 22 -0.35326  2.3669e-005 | 23 -0.59776 -9.5664e-005 | 24 -0.76950  5.9447e-005
 25 -0.76899  4.2534e-005 | 26 -0.64228 -2.9068e-006 | 27 -0.64622 -5.4920e-005
 28 -0.64577  2.7092e-005 | 29 -0.52417  3.9530e-005 | 30 -0.36034 -1.1691e-006
 31 -0.46025  6.3142e-005 | 32 -0.50719 -1.9632e-006 | 33 -0.62402  6.7867e-006
 34 -0.58356 -5.9625e-005 | 35 -0.65221  7.3314e-005 | 36 -0.73601  8.7422e-006
 37 -0.80693 -3.6764e-005 | 38 -0.62813  9.7210e-006 | 39 -0.89781 -1.8460e-006
 40 -0.64377 -1.1356e-004 | 41 -0.72534 -8.3355e-005 | 42 -0.88320 -6.3915e-005
 43 -0.99995 -4.9251e-006 | 44 -0.99492  3.0820e-005 | 45 -0.99993 -1.7587e-006
 46 -0.98877 -3.3339e-005 | 47  0.07696  1.1118e-004 | 48  0.09822 -2.7564e-005
 49 -0.48608  2.3969e-004 | 50 -0.39097  3.3217e-005 | 51  0.10084 -3.3509e-004
 52  0.07110 -1.0652e-004 | 53 -0.37039 -4.0085e-004 | 54 -0.31381 -1.6627e-004
 55  0.20647 -2.7160e-004 | 56 -0.98768  8.4211e-005 |

 - final statistics:
56 variables; iteration 66; function evaluation 76
Function value  7.3378e-001; maximum gradient component mag -8.2861e-005
Exit code = 1;  converg criter  1.0000e-004
Var   Value    Gradient   |Var   Value    Gradient   |Var   Value    Gradient
  1 -0.76326 -1.7405e-005 |  2  1.82315 -9.7405e-006 |  3  1.89439 -1.0350e-006
  4 -0.34553  3.0328e-005 |  5 -0.66099 -5.3009e-006 |  6 -0.47739 -8.3025e-006
  7 -0.77493 -2.9631e-006 |  8 -0.55280  7.0280e-005 |  9 -0.59878 -3.7886e-005
 10 -0.84313 -1.2388e-007 | 11 -0.76061 -8.2845e-006 | 12 -0.28245  2.8068e-005
 13 -0.40826  1.5469e-005 | 14 -0.62476  1.4397e-005 | 15 -0.60552  4.5156e-006
 16 -0.59684 -2.3311e-005 | 17 -0.64510 -1.5653e-005 | 18 -0.52004 -2.2059e-005
 19 -0.78818 -1.3686e-005 | 20 -0.78644 -2.2352e-005 | 21 -0.47255 -7.2084e-006
 22 -0.35328 -1.7601e-005 | 23 -0.59775  3.3793e-005 | 24 -0.76952 -2.8494e-006
 25 -0.76901 -1.7719e-005 | 26 -0.64228  3.0357e-005 | 27 -0.64621  6.9590e-006
 28 -0.64578 -6.6465e-006 | 29 -0.52418 -1.5541e-005 | 30 -0.36036 -6.2019e-006
 31 -0.46027 -1.7572e-005 | 32 -0.50720 -6.4129e-006 | 33 -0.62403  9.9947e-006
 34 -0.58356 -1.9098e-005 | 35 -0.65225 -8.9412e-006 | 36 -0.73603 -8.5938e-007
 37 -0.80674  4.2544e-006 | 38 -0.62819 -3.4024e-007 | 39 -0.89783 -7.7763e-006
 40 -0.64377  5.3164e-006 | 41 -0.72534  3.4962e-005 | 42 -0.88320 -3.1405e-005
 43 -0.99993  3.2318e-006 | 44 -0.99518  2.6282e-005 | 45 -0.99993  2.0070e-007
 46 -0.98856 -9.9693e-006 | 47  0.07697 -8.2861e-005 | 48  0.09823  5.8509e-006
 49 -0.48614 -7.9898e-005 | 50 -0.39099 -2.5112e-005 | 51  0.10083  3.9875e-005
 52  0.07109  3.2817e-005 | 53 -0.37037 -1.2147e-006 | 54 -0.31377  7.0061e-005
 55  0.20648  2.8286e-005 | 56 -0.98798  3.7646e-005 |


*******************************************
--Start time: Wed Oct 17 16:08:38 2018

--Finish time: Wed Oct 17 16:08:42 2018

--Runtime: 0 hours, 0 minutes, 4 seconds

--Objective function value: 0.733735


--Maximum gradient component: 8.28607e-005

*******************************************

O frabjous day!
The sheep frolic!

        ...moo...
            | 
            | 
            | 
             _.%%%%%%%%%%%%%             
            //-_%%%%%%%%%%%%%            
           (_ %\%%%%%%%%%%%%%%~             
               %%%%%%%%%%%%%%             
                 %%%%%*%%%%              
            ,,,,,,||,,,,||,,,,,         

Estimating row 1 out of 56 for hessian
Estimating row 2 out of 56 for hessian
Estimating row 3 out of 56 for hessian
Estimating row 4 out of 56 for hessian
Estimating row 5 out of 56 for hessian
Estimating row 6 out of 56 for hessian
Estimating row 7 out of 56 for hessian
Estimating row 8 out of 56 for hessian
Estimating row 9 out of 56 for hessian
Estimating row 10 out of 56 for hessian
Estimating row 11 out of 56 for hessian
Estimating row 12 out of 56 for hessian
Estimating row 13 out of 56 for hessian
Estimating row 14 out of 56 for hessian
Estimating row 15 out of 56 for hessian
Estimating row 16 out of 56 for hessian
Estimating row 17 out of 56 for hessian
Estimating row 18 out of 56 for hessian
Estimating row 19 out of 56 for hessian
Estimating row 20 out of 56 for hessian
Estimating row 21 out of 56 for hessian
Estimating row 22 out of 56 for hessian
Estimating row 23 out of 56 for hessian
Estimating row 24 out of 56 for hessian
Estimating row 25 out of 56 for hessian
Estimating row 26 out of 56 for hessian
Estimating row 27 out of 56 for hessian
Estimating row 28 out of 56 for hessian
Estimating row 29 out of 56 for hessian
Estimating row 30 out of 56 for hessian
Estimating row 31 out of 56 for hessian
Estimating row 32 out of 56 for hessian
Estimating row 33 out of 56 for hessian
Estimating row 34 out of 56 for hessian
Estimating row 35 out of 56 for hessian
Estimating row 36 out of 56 for hessian
Estimating row 37 out of 56 for hessian
Estimating row 38 out of 56 for hessian
Estimating row 39 out of 56 for hessian
Estimating row 40 out of 56 for hessian
Estimating row 41 out of 56 for hessian
Estimating row 42 out of 56 for hessian
Estimating row 43 out of 56 for hessian
Estimating row 44 out of 56 for hessian
Estimating row 45 out of 56 for hessian
Estimating row 46 out of 56 for hessian
Estimating row 47 out of 56 for hessian
Estimating row 48 out of 56 for hessian
Estimating row 49 out of 56 for hessian
Estimating row 50 out of 56 for hessian
Estimating row 51 out of 56 for hessian
Estimating row 52 out of 56 for hessian
Estimating row 53 out of 56 for hessian
Estimating row 54 out of 56 for hessian
Estimating row 55 out of 56 for hessian
Estimating row 56 out of 56 for hessian
333
270
18
0.00118154
 649.86 433.338 22.6509
1105.85
